生成启动时间为 2018/1/3 15:43:43。
     1>项目“O:\Project\Cube\Cube.vcxproj”在节点 2 上(build 个目标)。
     1>InitializeBuildStatus:
         正在对“Debug\Cube.unsuccessfulbuild”执行 Touch 任务。
       ClCompile:
         O:\Visual2010\VC\bin\CL.exe /c /ZI /nologo /W3 /WX- /Od /Oy- /D WIN32 /D _WINDOWS /D _DEBUG /D _UNICODE /D UNICODE /D _AFXDLL /Gm /EHsc /RTC1 /MDd /GS /fp:precise /Zc:wchar_t /Zc:forScope /Yc"StdAfx.h" /Fp"Debug\Cube.pch" /Fo"Debug\\" /Fd"Debug\vc100.pdb" /Gd /TP /analyze- /errorReport:prompt stdafx.cpp
         stdafx.cpp
         O:\Visual2010\VC\bin\CL.exe /c /ZI /nologo /W3 /WX- /Od /Oy- /D WIN32 /D _WINDOWS /D _DEBUG /D _UNICODE /D UNICODE /D _AFXDLL /Gm /EHsc /RTC1 /MDd /GS /fp:precise /Zc:wchar_t /Zc:forScope /Yu"StdAfx.h" /Fp"Debug\Cube.pch" /Fo"Debug\\" /Fd"Debug\vc100.pdb" /Gd /TP /analyze- /errorReport:prompt Cube.cpp CubeDoc.cpp CubeView.cpp Facet.cpp MainFrm.cpp P2.cpp P3.cpp RGB.cpp Transform.cpp Vector.cpp
         Vector.cpp
         Transform.cpp
         RGB.cpp
         P3.cpp
         P2.cpp
         MainFrm.cpp
         Facet.cpp
         CubeView.cpp
     1>o:\project\cube\cubeview.cpp(217): warning C4244: “参数”: 从“double”转换到“int”，可能丢失数据
     1>o:\project\cube\cubeview.cpp(217): warning C4244: “参数”: 从“double”转换到“int”，可能丢失数据
     1>o:\project\cube\cubeview.cpp(221): warning C4244: “参数”: 从“double”转换到“int”，可能丢失数据
     1>o:\project\cube\cubeview.cpp(221): warning C4244: “参数”: 从“double”转换到“int”，可能丢失数据
     1>o:\project\cube\cubeview.cpp(223): warning C4244: “参数”: 从“double”转换到“int”，可能丢失数据
     1>o:\project\cube\cubeview.cpp(223): warning C4244: “参数”: 从“double”转换到“int”，可能丢失数据
         CubeDoc.cpp
         Cube.cpp
         正在生成代码...
       ResourceCompile:
         C:\Program Files (x86)\Microsoft SDKs\Windows\v7.0A\bin\rc.exe /D _DEBUG /D _UNICODE /D UNICODE /D _AFXDLL /l"0x0804" /IDebug\ /nologo /fo"Debug\Cube.res" Cube.rc 
       ManifestResourceCompile:
         C:\Program Files (x86)\Microsoft SDKs\Windows\v7.0A\bin\rc.exe /nologo /fo"Debug\Cube.exe.embed.manifest.res" Debug\Cube_manifest.rc 
       Link:
         O:\Visual2010\VC\bin\link.exe /ERRORREPORT:PROMPT /OUT:"O:\Project\Debug\Cube.exe" /INCREMENTAL /NOLOGO /MANIFEST /ManifestFile:"Debug\Cube.exe.intermediate.manifest" /MANIFESTUAC:"level='asInvoker' uiAccess='false'" /DEBUG /PDB:"O:\Project\Debug\Cube.pdb" /SUBSYSTEM:WINDOWS /TLBID:1 /ENTRY:"wWinMainCRTStartup" /DYNAMICBASE /NXCOMPAT /IMPLIB:"O:\Project\Debug\Cube.lib" /MACHINE:X86 Debug\Cube.res
         Debug\Cube.exe.embed.manifest.res
         Debug\Cube.obj
         Debug\CubeDoc.obj
         Debug\CubeView.obj
         Debug\Facet.obj
         Debug\MainFrm.obj
         Debug\P2.obj
         Debug\P3.obj
         Debug\RGB.obj
         Debug\stdafx.obj
         Debug\Transform.obj
         Debug\Vector.obj
       Manifest:
         C:\Program Files (x86)\Microsoft SDKs\Windows\v7.0A\bin\mt.exe /nologo /verbose /out:"Debug\Cube.exe.embed.manifest" /manifest Debug\Cube.exe.intermediate.manifest O:\Visual2010\VC\Include\Manifest\dpiaware.manifest
         所有输出均为最新。
       LinkEmbedManifest:
         所有输出均为最新。
         Cube.vcxproj -> O:\Project\Debug\Cube.exe
       CopyFilesToOutputDirectory:
         正在将文件从“Debug\Cube.pdb”复制到“O:\Project\Debug\Cube.pdb”。
       FinalizeBuildStatus:
         正在删除文件“Debug\Cube.unsuccessfulbuild”。
         正在对“Debug\Cube.lastbuildstate”执行 Touch 任务。
     1>已完成生成项目“O:\Project\Cube\Cube.vcxproj”(build 个目标)的操作。

生成成功。

已用时间 00:00:05.78
