O:\Project\Cube\Cube\Debug\cl.command.1.tlog
O:\Project\Cube\Cube\Debug\CL.read.1.tlog
O:\Project\Cube\Cube\Debug\CL.write.1.tlog
O:\PROJECT\CUBE\CUBE\DEBUG\CUBE.EXE.EMBED.MANIFEST
O:\PROJECT\CUBE\CUBE\DEBUG\CUBE.EXE.EMBED.MANIFEST.RES
O:\PROJECT\CUBE\CUBE\DEBUG\CUBE.EXE.INTERMEDIATE.MANIFEST
O:\PROJECT\CUBE\CUBE\DEBUG\CUBE.OBJ
O:\PROJECT\CUBE\CUBE\DEBUG\CUBE.PCH
O:\PROJECT\CUBE\CUBE\DEBUG\CUBE.RES
O:\Project\Cube\Cube\Debug\Cube.write.1.tlog
O:\Project\Cube\Cube\Debug\Cube_manifest.rc
O:\PROJECT\CUBE\CUBE\DEBUG\CUBEDOC.OBJ
O:\PROJECT\CUBE\CUBE\DEBUG\CUBEVIEW.OBJ
O:\PROJECT\CUBE\CUBE\DEBUG\FACET.OBJ
O:\Project\Cube\Cube\Debug\link.command.1.tlog
O:\Project\Cube\Cube\Debug\link.read.1.tlog
O:\Project\Cube\Cube\Debug\link.write.1.tlog
O:\Project\Cube\Cube\Debug\link-cvtres.read.1.tlog
O:\Project\Cube\Cube\Debug\link-cvtres.write.1.tlog
O:\PROJECT\CUBE\CUBE\DEBUG\MAINFRM.OBJ
O:\Project\Cube\Cube\Debug\mt.command.1.tlog
O:\Project\Cube\Cube\Debug\mt.read.1.tlog
O:\Project\Cube\Cube\Debug\mt.write.1.tlog
O:\PROJECT\CUBE\CUBE\DEBUG\P3.OBJ
O:\Project\Cube\Cube\Debug\rc.command.1.tlog
O:\Project\Cube\Cube\Debug\rc.read.1.tlog
O:\Project\Cube\Cube\Debug\rc.write.1.tlog
O:\PROJECT\CUBE\CUBE\DEBUG\STDAFX.OBJ
O:\PROJECT\CUBE\CUBE\DEBUG\TRANSFORM.OBJ
O:\Project\Cube\Cube\Debug\vc100.idb
O:\PROJECT\CUBE\CUBE\DEBUG\VC100.PDB
O:\PROJECT\CUBE\DEBUG\CUBE.EXE
O:\PROJECT\CUBE\DEBUG\CUBE.ILK
O:\PROJECT\CUBE\DEBUG\CUBE.PDB
