o:\project\eetfill\eetfill\debug\eetfill.pch
o:\project\eetfill\eetfill\debug\stdafx.obj
o:\project\eetfill\eetfill\debug\vc100.pdb
o:\project\eetfill\eetfill\debug\aet.obj
o:\project\eetfill\eetfill\debug\bucket.obj
o:\project\eetfill\eetfill\debug\eetfill.obj
o:\project\eetfill\eetfill\debug\eetfilldoc.obj
o:\project\eetfill\eetfill\debug\eetfillview.obj
o:\project\eetfill\eetfill\debug\fill.obj
o:\project\eetfill\eetfill\debug\mainfrm.obj
o:\project\eetfill\eetfill\debug\p2.obj
o:\project\eetfill\eetfill\debug\pi2.obj
o:\project\eetfill\eetfill\debug\rgb.obj
o:\project\eetfill\debug\eetfill.ilk
o:\project\eetfill\debug\eetfill.exe
o:\project\eetfill\eetfill\debug\eetfill.exe.intermediate.manifest
o:\project\eetfill\debug\eetfill.pdb
o:\project\eetfill\eetfill\debug\eetfill.exe.embed.manifest
o:\project\eetfill\eetfill\debug\eetfill.res
o:\project\eetfill\eetfill\debug\eetfill.exe.embed.manifest.res
c:\software\data\baidunetdiskdownload\project\aproject\eetfill\eetfill\debug\aet.obj
c:\software\data\baidunetdiskdownload\project\aproject\eetfill\eetfill\debug\bucket.obj
c:\software\data\baidunetdiskdownload\project\aproject\eetfill\eetfill\debug\eetfill.obj
c:\software\data\baidunetdiskdownload\project\aproject\eetfill\eetfill\debug\eetfilldoc.obj
c:\software\data\baidunetdiskdownload\project\aproject\eetfill\eetfill\debug\eetfillview.obj
c:\software\data\baidunetdiskdownload\project\aproject\eetfill\eetfill\debug\fill.obj
c:\software\data\baidunetdiskdownload\project\aproject\eetfill\eetfill\debug\mainfrm.obj
c:\software\data\baidunetdiskdownload\project\aproject\eetfill\eetfill\debug\p2.obj
c:\software\data\baidunetdiskdownload\project\aproject\eetfill\eetfill\debug\pi2.obj
c:\software\data\baidunetdiskdownload\project\aproject\eetfill\eetfill\debug\rgb.obj
c:\software\data\baidunetdiskdownload\project\aproject\eetfill\eetfill\debug\stdafx.obj
c:\software\data\baidunetdiskdownload\project\aproject\eetfill\eetfill\debug\cl.command.1.tlog
c:\software\data\baidunetdiskdownload\project\aproject\eetfill\eetfill\debug\cl.read.1.tlog
c:\software\data\baidunetdiskdownload\project\aproject\eetfill\eetfill\debug\cl.write.1.tlog
c:\software\data\baidunetdiskdownload\project\aproject\eetfill\eetfill\debug\eetfill.write.1.tlog
c:\software\data\baidunetdiskdownload\project\aproject\eetfill\eetfill\debug\link-cvtres.read.1.tlog
c:\software\data\baidunetdiskdownload\project\aproject\eetfill\eetfill\debug\link-cvtres.write.1.tlog
c:\software\data\baidunetdiskdownload\project\aproject\eetfill\eetfill\debug\link.command.1.tlog
c:\software\data\baidunetdiskdownload\project\aproject\eetfill\eetfill\debug\link.read.1.tlog
c:\software\data\baidunetdiskdownload\project\aproject\eetfill\eetfill\debug\link.write.1.tlog
c:\software\data\baidunetdiskdownload\project\aproject\eetfill\eetfill\debug\mt.command.1.tlog
c:\software\data\baidunetdiskdownload\project\aproject\eetfill\eetfill\debug\mt.read.1.tlog
c:\software\data\baidunetdiskdownload\project\aproject\eetfill\eetfill\debug\mt.write.1.tlog
c:\software\data\baidunetdiskdownload\project\aproject\eetfill\eetfill\debug\rc.command.1.tlog
c:\software\data\baidunetdiskdownload\project\aproject\eetfill\eetfill\debug\rc.read.1.tlog
c:\software\data\baidunetdiskdownload\project\aproject\eetfill\eetfill\debug\rc.write.1.tlog
c:\software\data\baidunetdiskdownload\project\aproject\eetfill\eetfill\debug\eetfill.exe.embed.manifest
c:\software\data\baidunetdiskdownload\project\aproject\eetfill\eetfill\debug\eetfill.exe.intermediate.manifest
c:\software\data\baidunetdiskdownload\project\aproject\eetfill\eetfill\debug\eetfill.exe.embed.manifest.res
c:\software\data\baidunetdiskdownload\project\aproject\eetfill\eetfill\debug\eetfill.res
c:\software\data\baidunetdiskdownload\project\aproject\eetfill\eetfill\debug\eetfill.pch
c:\software\data\baidunetdiskdownload\project\aproject\eetfill\eetfill\debug\vc100.idb
c:\software\data\baidunetdiskdownload\project\aproject\eetfill\eetfill\debug\vc100.pdb
c:\software\data\baidunetdiskdownload\project\aproject\eetfill\eetfill\debug\eetfill_manifest.rc
c:\software\data\baidunetdiskdownload\project\aproject\eetfill\debug\eetfill.pdb
c:\software\data\baidunetdiskdownload\project\aproject\eetfill\debug\eetfill.exe
c:\software\data\baidunetdiskdownload\project\aproject\eetfill\debug\eetfill.ilk
