o:\project\cube\cube\debug\cube.pch
o:\project\cube\cube\debug\stdafx.obj
o:\project\cube\cube\debug\vc100.pdb
o:\project\cube\cube\debug\cube.obj
o:\project\cube\cube\debug\cubedoc.obj
o:\project\cube\cube\debug\cubeview.obj
o:\project\cube\cube\debug\facet.obj
o:\project\cube\cube\debug\mainfrm.obj
o:\project\cube\cube\debug\p3.obj
o:\project\cube\cube\debug\transform.obj
o:\project\cube\cube\debug\vector.obj
o:\project\cube\cube\debug\p2.obj
o:\project\cube\cube\debug\rgb.obj
o:\project\cube\cube\debug\aet.obj
o:\project\cube\cube\debug\bucket.obj
o:\project\cube\cube\debug\fill.obj
o:\project\cube\cube\debug\pi2.obj
o:\project\cube3\cube\debug\cube.pch
o:\project\cube3\cube\debug\stdafx.obj
o:\project\cube3\cube\debug\vc100.pdb
o:\project\cube3\cube\debug\aet.obj
o:\project\cube3\cube\debug\bucket.obj
o:\project\cube3\cube\debug\cube.obj
o:\project\cube3\cube\debug\cubedoc.obj
o:\project\cube3\cube\debug\cubeview.obj
o:\project\cube3\cube\debug\facet.obj
o:\project\cube3\cube\debug\fill.obj
o:\project\cube3\cube\debug\mainfrm.obj
o:\project\cube3\cube\debug\p2.obj
o:\project\cube3\cube\debug\p3.obj
o:\project\cube3\cube\debug\pi2.obj
o:\project\cube3\cube\debug\rgb.obj
o:\project\cube3\cube\debug\transform.obj
o:\project\cube3\cube\debug\vector.obj
o:\project\cube3\cube\debug\point2.obj
o:\project\cube3\cube\debug\triangle.obj
o:\project\cube--三角形填充算法\cube\debug\cube.pch
o:\project\cube--三角形填充算法\cube\debug\stdafx.obj
o:\project\cube--三角形填充算法\cube\debug\vc100.pdb
o:\project\cube--三角形填充算法\cube\debug\aet.obj
o:\project\cube--三角形填充算法\cube\debug\bucket.obj
o:\project\cube--三角形填充算法\cube\debug\cube.obj
o:\project\cube--三角形填充算法\cube\debug\cubedoc.obj
o:\project\cube--三角形填充算法\cube\debug\cubeview.obj
o:\project\cube--三角形填充算法\cube\debug\facet.obj
o:\project\cube--三角形填充算法\cube\debug\fill.obj
o:\project\cube--三角形填充算法\cube\debug\mainfrm.obj
o:\project\cube--三角形填充算法\cube\debug\p2.obj
o:\project\cube--三角形填充算法\cube\debug\p3.obj
o:\project\cube--三角形填充算法\cube\debug\pi2.obj
o:\project\cube--三角形填充算法\cube\debug\point2.obj
o:\project\cube--三角形填充算法\cube\debug\rgb.obj
o:\project\cube--三角形填充算法\cube\debug\transform.obj
o:\project\cube--三角形填充算法\cube\debug\triangle.obj
o:\project\cube--三角形填充算法\cube\debug\vector.obj
o:\project\cube\debug\cube.ilk
o:\project\cube\debug\cube.exe
o:\project\cube\cube\debug\cube.exe.intermediate.manifest
o:\project\cube\debug\cube.pdb
o:\project\cube3\debug\cube.ilk
o:\project\cube3\debug\cube.exe
o:\project\cube3\cube\debug\cube.exe.intermediate.manifest
o:\project\cube3\debug\cube.pdb
o:\project\cube--三角形填充算法\debug\cube.ilk
o:\project\cube--三角形填充算法\debug\cube.exe
o:\project\cube--三角形填充算法\cube\debug\cube.exe.intermediate.manifest
o:\project\cube--三角形填充算法\debug\cube.pdb
o:\project\cube\cube\debug\cube.exe.embed.manifest
o:\project\cube--三角形填充算法\cube\debug\cube.exe.embed.manifest
o:\project\cube\cube\debug\cube.exe.embed.manifest.res
o:\project\cube\cube\debug\cube.res
o:\project\cube3\cube\debug\cube.res
o:\project\cube3\cube\debug\cube.exe.embed.manifest.res
o:\project\cube--三角形填充算法\cube\debug\cube.exe.embed.manifest.res
o:\project\cube--三角形填充算法\cube\debug\cube.res
c:\software\data\baidunetdiskdownload\project\aproject\cube--三角形填充算法\cube\debug\cube.vcxprojresolveassemblyreference.cache
c:\software\data\baidunetdiskdownload\project\aproject\cube--三角形填充算法\cube\debug\aet.obj
c:\software\data\baidunetdiskdownload\project\aproject\cube--三角形填充算法\cube\debug\bucket.obj
c:\software\data\baidunetdiskdownload\project\aproject\cube--三角形填充算法\cube\debug\cube.obj
c:\software\data\baidunetdiskdownload\project\aproject\cube--三角形填充算法\cube\debug\cubedoc.obj
c:\software\data\baidunetdiskdownload\project\aproject\cube--三角形填充算法\cube\debug\cubeview.obj
c:\software\data\baidunetdiskdownload\project\aproject\cube--三角形填充算法\cube\debug\facet.obj
c:\software\data\baidunetdiskdownload\project\aproject\cube--三角形填充算法\cube\debug\fill.obj
c:\software\data\baidunetdiskdownload\project\aproject\cube--三角形填充算法\cube\debug\mainfrm.obj
c:\software\data\baidunetdiskdownload\project\aproject\cube--三角形填充算法\cube\debug\p2.obj
c:\software\data\baidunetdiskdownload\project\aproject\cube--三角形填充算法\cube\debug\p3.obj
c:\software\data\baidunetdiskdownload\project\aproject\cube--三角形填充算法\cube\debug\pi2.obj
c:\software\data\baidunetdiskdownload\project\aproject\cube--三角形填充算法\cube\debug\point2.obj
c:\software\data\baidunetdiskdownload\project\aproject\cube--三角形填充算法\cube\debug\rgb.obj
c:\software\data\baidunetdiskdownload\project\aproject\cube--三角形填充算法\cube\debug\stdafx.obj
c:\software\data\baidunetdiskdownload\project\aproject\cube--三角形填充算法\cube\debug\transform.obj
c:\software\data\baidunetdiskdownload\project\aproject\cube--三角形填充算法\cube\debug\triangle.obj
c:\software\data\baidunetdiskdownload\project\aproject\cube--三角形填充算法\cube\debug\vector.obj
c:\software\data\baidunetdiskdownload\project\aproject\cube--三角形填充算法\cube\debug\cl.command.1.tlog
c:\software\data\baidunetdiskdownload\project\aproject\cube--三角形填充算法\cube\debug\cl.read.1.tlog
c:\software\data\baidunetdiskdownload\project\aproject\cube--三角形填充算法\cube\debug\cl.write.1.tlog
c:\software\data\baidunetdiskdownload\project\aproject\cube--三角形填充算法\cube\debug\cube.write.1.tlog
c:\software\data\baidunetdiskdownload\project\aproject\cube--三角形填充算法\cube\debug\link-cvtres.read.1.tlog
c:\software\data\baidunetdiskdownload\project\aproject\cube--三角形填充算法\cube\debug\link-cvtres.write.1.tlog
c:\software\data\baidunetdiskdownload\project\aproject\cube--三角形填充算法\cube\debug\link.10752-cvtres.read.1.tlog
c:\software\data\baidunetdiskdownload\project\aproject\cube--三角形填充算法\cube\debug\link.10752-cvtres.write.1.tlog
c:\software\data\baidunetdiskdownload\project\aproject\cube--三角形填充算法\cube\debug\link.10752.read.1.tlog
c:\software\data\baidunetdiskdownload\project\aproject\cube--三角形填充算法\cube\debug\link.10752.write.1.tlog
c:\software\data\baidunetdiskdownload\project\aproject\cube--三角形填充算法\cube\debug\link.10772-cvtres.read.1.tlog
c:\software\data\baidunetdiskdownload\project\aproject\cube--三角形填充算法\cube\debug\link.10772-cvtres.write.1.tlog
c:\software\data\baidunetdiskdownload\project\aproject\cube--三角形填充算法\cube\debug\link.10772.read.1.tlog
c:\software\data\baidunetdiskdownload\project\aproject\cube--三角形填充算法\cube\debug\link.10772.write.1.tlog
c:\software\data\baidunetdiskdownload\project\aproject\cube--三角形填充算法\cube\debug\link.13300-cvtres.read.1.tlog
c:\software\data\baidunetdiskdownload\project\aproject\cube--三角形填充算法\cube\debug\link.13300-cvtres.write.1.tlog
c:\software\data\baidunetdiskdownload\project\aproject\cube--三角形填充算法\cube\debug\link.13300.read.1.tlog
c:\software\data\baidunetdiskdownload\project\aproject\cube--三角形填充算法\cube\debug\link.13300.write.1.tlog
c:\software\data\baidunetdiskdownload\project\aproject\cube--三角形填充算法\cube\debug\link.13664-cvtres.read.1.tlog
c:\software\data\baidunetdiskdownload\project\aproject\cube--三角形填充算法\cube\debug\link.13664-cvtres.write.1.tlog
c:\software\data\baidunetdiskdownload\project\aproject\cube--三角形填充算法\cube\debug\link.13664.read.1.tlog
c:\software\data\baidunetdiskdownload\project\aproject\cube--三角形填充算法\cube\debug\link.13664.write.1.tlog
c:\software\data\baidunetdiskdownload\project\aproject\cube--三角形填充算法\cube\debug\link.6404-cvtres.read.1.tlog
c:\software\data\baidunetdiskdownload\project\aproject\cube--三角形填充算法\cube\debug\link.6404-cvtres.write.1.tlog
c:\software\data\baidunetdiskdownload\project\aproject\cube--三角形填充算法\cube\debug\link.6404.read.1.tlog
c:\software\data\baidunetdiskdownload\project\aproject\cube--三角形填充算法\cube\debug\link.6404.write.1.tlog
c:\software\data\baidunetdiskdownload\project\aproject\cube--三角形填充算法\cube\debug\link.7892-cvtres.read.1.tlog
c:\software\data\baidunetdiskdownload\project\aproject\cube--三角形填充算法\cube\debug\link.7892-cvtres.write.1.tlog
c:\software\data\baidunetdiskdownload\project\aproject\cube--三角形填充算法\cube\debug\link.7892.read.1.tlog
c:\software\data\baidunetdiskdownload\project\aproject\cube--三角形填充算法\cube\debug\link.7892.write.1.tlog
c:\software\data\baidunetdiskdownload\project\aproject\cube--三角形填充算法\cube\debug\link.8500-cvtres.read.1.tlog
c:\software\data\baidunetdiskdownload\project\aproject\cube--三角形填充算法\cube\debug\link.8500-cvtres.write.1.tlog
c:\software\data\baidunetdiskdownload\project\aproject\cube--三角形填充算法\cube\debug\link.8500.read.1.tlog
c:\software\data\baidunetdiskdownload\project\aproject\cube--三角形填充算法\cube\debug\link.8500.write.1.tlog
c:\software\data\baidunetdiskdownload\project\aproject\cube--三角形填充算法\cube\debug\link.8824-cvtres.read.1.tlog
c:\software\data\baidunetdiskdownload\project\aproject\cube--三角形填充算法\cube\debug\link.8824-cvtres.write.1.tlog
c:\software\data\baidunetdiskdownload\project\aproject\cube--三角形填充算法\cube\debug\link.8824.read.1.tlog
c:\software\data\baidunetdiskdownload\project\aproject\cube--三角形填充算法\cube\debug\link.8824.write.1.tlog
c:\software\data\baidunetdiskdownload\project\aproject\cube--三角形填充算法\cube\debug\link.9880-cvtres.read.1.tlog
c:\software\data\baidunetdiskdownload\project\aproject\cube--三角形填充算法\cube\debug\link.9880-cvtres.write.1.tlog
c:\software\data\baidunetdiskdownload\project\aproject\cube--三角形填充算法\cube\debug\link.9880.read.1.tlog
c:\software\data\baidunetdiskdownload\project\aproject\cube--三角形填充算法\cube\debug\link.9880.write.1.tlog
c:\software\data\baidunetdiskdownload\project\aproject\cube--三角形填充算法\cube\debug\link.command.1.tlog
c:\software\data\baidunetdiskdownload\project\aproject\cube--三角形填充算法\cube\debug\link.read.1.tlog
c:\software\data\baidunetdiskdownload\project\aproject\cube--三角形填充算法\cube\debug\link.write.1.tlog
c:\software\data\baidunetdiskdownload\project\aproject\cube--三角形填充算法\cube\debug\mt.command.1.tlog
c:\software\data\baidunetdiskdownload\project\aproject\cube--三角形填充算法\cube\debug\mt.read.1.tlog
c:\software\data\baidunetdiskdownload\project\aproject\cube--三角形填充算法\cube\debug\mt.write.1.tlog
c:\software\data\baidunetdiskdownload\project\aproject\cube--三角形填充算法\cube\debug\rc.command.1.tlog
c:\software\data\baidunetdiskdownload\project\aproject\cube--三角形填充算法\cube\debug\rc.read.1.tlog
c:\software\data\baidunetdiskdownload\project\aproject\cube--三角形填充算法\cube\debug\rc.write.1.tlog
c:\software\data\baidunetdiskdownload\project\aproject\cube--三角形填充算法\cube\debug\cube.exe.embed.manifest
c:\software\data\baidunetdiskdownload\project\aproject\cube--三角形填充算法\cube\debug\cube.exe.intermediate.manifest
c:\software\data\baidunetdiskdownload\project\aproject\cube--三角形填充算法\cube\debug\cube.exe.embed.manifest.res
c:\software\data\baidunetdiskdownload\project\aproject\cube--三角形填充算法\cube\debug\cube.res
c:\software\data\baidunetdiskdownload\project\aproject\cube--三角形填充算法\cube\debug\cube.pch
c:\software\data\baidunetdiskdownload\project\aproject\cube--三角形填充算法\cube\debug\vc100.idb
c:\software\data\baidunetdiskdownload\project\aproject\cube--三角形填充算法\cube\debug\vc100.pdb
c:\software\data\baidunetdiskdownload\project\aproject\cube--三角形填充算法\cube\debug\cube_manifest.rc
c:\software\data\baidunetdiskdownload\project\aproject\cube--三角形填充算法\debug\cube.pdb
c:\software\data\baidunetdiskdownload\project\aproject\cube--三角形填充算法\debug\cube.exe
c:\software\data\baidunetdiskdownload\project\aproject\cube--三角形填充算法\debug\cube.ilk
c:\software\data\baidunetdiskdownload\project\aproject\cube--三角形填充算法\debug\cube.exe.intermediate.manifest
