生成启动时间为 2019/4/9 14:24:12。
     1>项目“C:\software\Data\BaiduNetdiskDownload\Project\AProject\BezierBall\BezierBall\BezierBall.vcxproj”在节点 2 上(Build 个目标)。
     1>ClCompile:
         C:\software\officesoftware\VS2015\VC\bin\CL.exe /c /ZI /nologo /W3 /WX- /Od /Oy- /D WIN32 /D _WINDOWS /D _DEBUG /D _UNICODE /D UNICODE /D _AFXDLL /Gm /EHsc /RTC1 /MDd /GS /fp:precise /Zc:wchar_t /Zc:forScope /Zc:inline /Yc"stdafx.h" /Fp"Debug\BezierBall.pch" /Fo"Debug\\" /Fd"Debug\vc140.pdb" /Gd /TP /analyze- /errorReport:prompt stdafx.cpp
         stdafx.cpp
         C:\software\officesoftware\VS2015\VC\bin\CL.exe /c /ZI /nologo /W3 /WX- /Od /Oy- /D WIN32 /D _WINDOWS /D _DEBUG /D _UNICODE /D UNICODE /D _AFXDLL /Gm /EHsc /RTC1 /MDd /GS /fp:precise /Zc:wchar_t /Zc:forScope /Zc:inline /Yu"stdafx.h" /Fp"Debug\BezierBall.pch" /Fo"Debug\\" /Fd"Debug\vc140.pdb" /Gd /TP /analyze- /errorReport:prompt Bezier.cpp BezierBall.cpp BezierBallDoc.cpp BezierBallView.cpp MainFrm.cpp P2.cpp P3.cpp Transform.cpp
         Transform.cpp
         P3.cpp
         P2.cpp
         MainFrm.cpp
         BezierBallView.cpp
         BezierBallDoc.cpp
         BezierBall.cpp
         Bezier.cpp
         正在生成代码...
       ResourceCompile:
         C:\Program Files (x86)\Windows Kits\8.1\bin\x86\rc.exe /D _DEBUG /D _UNICODE /D UNICODE /D _AFXDLL /l"0x0804" /IDebug\ /nologo /fo"Debug\BezierBall.res" BezierBall.rc 
       Link:
         C:\software\officesoftware\VS2015\VC\bin\link.exe /ERRORREPORT:PROMPT /OUT:"C:\software\Data\BaiduNetdiskDownload\Project\AProject\BezierBall\Debug\BezierBall.exe" /INCREMENTAL /NOLOGO /MANIFEST /MANIFESTUAC:"level='asInvoker' uiAccess='false'" /manifest:embed /manifestinput:C:\software\officesoftware\VS2015\VC\Include\Manifest\dpiaware.manifest /Debug /PDB:"C:\software\Data\BaiduNetdiskDownload\Project\AProject\BezierBall\Debug\BezierBall.pdb" /SUBSYSTEM:WINDOWS /TLBID:1 /ENTRY:"wWinMainCRTStartup" /DYNAMICBASE /NXCOMPAT /IMPLIB:"C:\software\Data\BaiduNetdiskDownload\Project\AProject\BezierBall\Debug\BezierBall.lib" /MACHINE:X86 Debug\BezierBall.res
         Debug\Bezier.obj
         Debug\BezierBall.obj
         Debug\BezierBallDoc.obj
         Debug\BezierBallView.obj
         Debug\MainFrm.obj
         Debug\P2.obj
         Debug\P3.obj
         Debug\stdafx.obj
         Debug\Transform.obj
         BezierBall.vcxproj -> C:\software\Data\BaiduNetdiskDownload\Project\AProject\BezierBall\Debug\BezierBall.exe
     1>已完成生成项目“C:\software\Data\BaiduNetdiskDownload\Project\AProject\BezierBall\BezierBall\BezierBall.vcxproj”(Build 个目标)的操作。

已成功生成。

已用时间 00:00:03.46
