o:\project\bezierball\bezierball\debug\bezierball.pch
o:\project\bezierball\bezierball\debug\stdafx.obj
o:\project\bezierball\bezierball\debug\vc100.pdb
o:\project\bezierball\bezierball\debug\bezier.obj
o:\project\bezierball\bezierball\debug\bezierball.obj
o:\project\bezierball\bezierball\debug\bezierballdoc.obj
o:\project\bezierball\bezierball\debug\mainfrm.obj
o:\project\bezierball\bezierball\debug\p2.obj
o:\project\bezierball\bezierball\debug\p3.obj
o:\project\bezierball\bezierball\debug\bezierballview.obj
o:\project\bezierball\bezierball\debug\transform.obj
o:\project\bezierball\debug\bezierball.ilk
o:\project\bezierball\debug\bezierball.exe
o:\project\bezierball\bezierball\debug\bezierball.exe.intermediate.manifest
o:\project\bezierball\debug\bezierball.pdb
o:\project\bezierball\bezierball\debug\bezierball.exe.embed.manifest
o:\project\bezierball\bezierball\debug\bezierball.res
o:\project\bezierball\bezierball\debug\bezierball.exe.embed.manifest.res
c:\software\data\baidunetdiskdownload\project\aproject\bezierball\bezierball\debug\bezierball.vcxprojresolveassemblyreference.cache
c:\software\data\baidunetdiskdownload\project\aproject\bezierball\bezierball\debug\bezier.obj
c:\software\data\baidunetdiskdownload\project\aproject\bezierball\bezierball\debug\bezierball.obj
c:\software\data\baidunetdiskdownload\project\aproject\bezierball\bezierball\debug\bezierballdoc.obj
c:\software\data\baidunetdiskdownload\project\aproject\bezierball\bezierball\debug\bezierballview.obj
c:\software\data\baidunetdiskdownload\project\aproject\bezierball\bezierball\debug\mainfrm.obj
c:\software\data\baidunetdiskdownload\project\aproject\bezierball\bezierball\debug\p2.obj
c:\software\data\baidunetdiskdownload\project\aproject\bezierball\bezierball\debug\p3.obj
c:\software\data\baidunetdiskdownload\project\aproject\bezierball\bezierball\debug\stdafx.obj
c:\software\data\baidunetdiskdownload\project\aproject\bezierball\bezierball\debug\transform.obj
c:\software\data\baidunetdiskdownload\project\aproject\bezierball\bezierball\debug\bezierball.write.1.tlog
c:\software\data\baidunetdiskdownload\project\aproject\bezierball\bezierball\debug\cl.command.1.tlog
c:\software\data\baidunetdiskdownload\project\aproject\bezierball\bezierball\debug\cl.read.1.tlog
c:\software\data\baidunetdiskdownload\project\aproject\bezierball\bezierball\debug\cl.write.1.tlog
c:\software\data\baidunetdiskdownload\project\aproject\bezierball\bezierball\debug\link-cvtres.read.1.tlog
c:\software\data\baidunetdiskdownload\project\aproject\bezierball\bezierball\debug\link-cvtres.write.1.tlog
c:\software\data\baidunetdiskdownload\project\aproject\bezierball\bezierball\debug\link.10600-cvtres.read.1.tlog
c:\software\data\baidunetdiskdownload\project\aproject\bezierball\bezierball\debug\link.10600-cvtres.write.1.tlog
c:\software\data\baidunetdiskdownload\project\aproject\bezierball\bezierball\debug\link.10600.read.1.tlog
c:\software\data\baidunetdiskdownload\project\aproject\bezierball\bezierball\debug\link.10600.write.1.tlog
c:\software\data\baidunetdiskdownload\project\aproject\bezierball\bezierball\debug\link.11988-cvtres.read.1.tlog
c:\software\data\baidunetdiskdownload\project\aproject\bezierball\bezierball\debug\link.11988-cvtres.write.1.tlog
c:\software\data\baidunetdiskdownload\project\aproject\bezierball\bezierball\debug\link.11988.read.1.tlog
c:\software\data\baidunetdiskdownload\project\aproject\bezierball\bezierball\debug\link.11988.write.1.tlog
c:\software\data\baidunetdiskdownload\project\aproject\bezierball\bezierball\debug\link.13948-cvtres.read.1.tlog
c:\software\data\baidunetdiskdownload\project\aproject\bezierball\bezierball\debug\link.13948-cvtres.write.1.tlog
c:\software\data\baidunetdiskdownload\project\aproject\bezierball\bezierball\debug\link.13948.read.1.tlog
c:\software\data\baidunetdiskdownload\project\aproject\bezierball\bezierball\debug\link.13948.write.1.tlog
c:\software\data\baidunetdiskdownload\project\aproject\bezierball\bezierball\debug\link.14048-cvtres.read.1.tlog
c:\software\data\baidunetdiskdownload\project\aproject\bezierball\bezierball\debug\link.14048-cvtres.write.1.tlog
c:\software\data\baidunetdiskdownload\project\aproject\bezierball\bezierball\debug\link.14048.read.1.tlog
c:\software\data\baidunetdiskdownload\project\aproject\bezierball\bezierball\debug\link.14048.write.1.tlog
c:\software\data\baidunetdiskdownload\project\aproject\bezierball\bezierball\debug\link.5680-cvtres.read.1.tlog
c:\software\data\baidunetdiskdownload\project\aproject\bezierball\bezierball\debug\link.5680-cvtres.write.1.tlog
c:\software\data\baidunetdiskdownload\project\aproject\bezierball\bezierball\debug\link.5680.read.1.tlog
c:\software\data\baidunetdiskdownload\project\aproject\bezierball\bezierball\debug\link.5680.write.1.tlog
c:\software\data\baidunetdiskdownload\project\aproject\bezierball\bezierball\debug\link.7736-cvtres.read.1.tlog
c:\software\data\baidunetdiskdownload\project\aproject\bezierball\bezierball\debug\link.7736-cvtres.write.1.tlog
c:\software\data\baidunetdiskdownload\project\aproject\bezierball\bezierball\debug\link.7736.read.1.tlog
c:\software\data\baidunetdiskdownload\project\aproject\bezierball\bezierball\debug\link.7736.write.1.tlog
c:\software\data\baidunetdiskdownload\project\aproject\bezierball\bezierball\debug\link.8588-cvtres.read.1.tlog
c:\software\data\baidunetdiskdownload\project\aproject\bezierball\bezierball\debug\link.8588-cvtres.write.1.tlog
c:\software\data\baidunetdiskdownload\project\aproject\bezierball\bezierball\debug\link.8588.read.1.tlog
c:\software\data\baidunetdiskdownload\project\aproject\bezierball\bezierball\debug\link.8588.write.1.tlog
c:\software\data\baidunetdiskdownload\project\aproject\bezierball\bezierball\debug\link.8960-cvtres.read.1.tlog
c:\software\data\baidunetdiskdownload\project\aproject\bezierball\bezierball\debug\link.8960-cvtres.write.1.tlog
c:\software\data\baidunetdiskdownload\project\aproject\bezierball\bezierball\debug\link.8960.read.1.tlog
c:\software\data\baidunetdiskdownload\project\aproject\bezierball\bezierball\debug\link.8960.write.1.tlog
c:\software\data\baidunetdiskdownload\project\aproject\bezierball\bezierball\debug\link.9280-cvtres.read.1.tlog
c:\software\data\baidunetdiskdownload\project\aproject\bezierball\bezierball\debug\link.9280-cvtres.write.1.tlog
c:\software\data\baidunetdiskdownload\project\aproject\bezierball\bezierball\debug\link.9280.read.1.tlog
c:\software\data\baidunetdiskdownload\project\aproject\bezierball\bezierball\debug\link.9280.write.1.tlog
c:\software\data\baidunetdiskdownload\project\aproject\bezierball\bezierball\debug\link.command.1.tlog
c:\software\data\baidunetdiskdownload\project\aproject\bezierball\bezierball\debug\link.read.1.tlog
c:\software\data\baidunetdiskdownload\project\aproject\bezierball\bezierball\debug\link.write.1.tlog
c:\software\data\baidunetdiskdownload\project\aproject\bezierball\bezierball\debug\mt.command.1.tlog
c:\software\data\baidunetdiskdownload\project\aproject\bezierball\bezierball\debug\mt.read.1.tlog
c:\software\data\baidunetdiskdownload\project\aproject\bezierball\bezierball\debug\mt.write.1.tlog
c:\software\data\baidunetdiskdownload\project\aproject\bezierball\bezierball\debug\rc.command.1.tlog
c:\software\data\baidunetdiskdownload\project\aproject\bezierball\bezierball\debug\rc.read.1.tlog
c:\software\data\baidunetdiskdownload\project\aproject\bezierball\bezierball\debug\rc.write.1.tlog
c:\software\data\baidunetdiskdownload\project\aproject\bezierball\bezierball\debug\bezierball.exe.embed.manifest
c:\software\data\baidunetdiskdownload\project\aproject\bezierball\bezierball\debug\bezierball.exe.intermediate.manifest
c:\software\data\baidunetdiskdownload\project\aproject\bezierball\bezierball\debug\bezierball.exe.embed.manifest.res
c:\software\data\baidunetdiskdownload\project\aproject\bezierball\bezierball\debug\bezierball.res
c:\software\data\baidunetdiskdownload\project\aproject\bezierball\bezierball\debug\bezierball.pch
c:\software\data\baidunetdiskdownload\project\aproject\bezierball\bezierball\debug\vc100.idb
c:\software\data\baidunetdiskdownload\project\aproject\bezierball\bezierball\debug\vc100.pdb
c:\software\data\baidunetdiskdownload\project\aproject\bezierball\bezierball\debug\bezierball_manifest.rc
c:\software\data\baidunetdiskdownload\project\aproject\bezierball\debug\bezierball.pdb
c:\software\data\baidunetdiskdownload\project\aproject\bezierball\debug\bezierball.exe
c:\software\data\baidunetdiskdownload\project\aproject\bezierball\debug\bezierball.ilk
