o:\project\tcube\tcube\debug\tcube.pch
o:\project\tcube\tcube\debug\stdafx.obj
o:\project\tcube\tcube\debug\vc100.pdb
o:\project\tcube\tcube\debug\face.obj
o:\project\tcube\tcube\debug\mainfrm.obj
o:\project\tcube\tcube\debug\p2.obj
o:\project\tcube\tcube\debug\p3.obj
o:\project\tcube\tcube\debug\tcube.obj
o:\project\tcube\tcube\debug\tcubedoc.obj
o:\project\tcube\tcube\debug\tcubeview.obj
o:\project\tcube\tcube\debug\transform.obj
o:\project\模板-enlish\tcube\debug\tcube.pch
o:\project\模板-enlish\tcube\debug\stdafx.obj
o:\project\模板-enlish\tcube\debug\vc100.pdb
o:\project\模板-enlish\tcube\debug\face.obj
o:\project\模板-enlish\tcube\debug\mainfrm.obj
o:\project\模板-enlish\tcube\debug\p2.obj
o:\project\模板-enlish\tcube\debug\p3.obj
o:\project\模板-enlish\tcube\debug\tcube.obj
o:\project\模板-enlish\tcube\debug\tcubedoc.obj
o:\project\模板-enlish\tcube\debug\tcubeview.obj
o:\project\模板-enlish\tcube\debug\transform.obj
o:\project\模板-enlish\debug\tcube.ilk
o:\project\模板-enlish\debug\tcube.exe
o:\project\模板-enlish\tcube\debug\tcube.exe.intermediate.manifest
o:\project\模板-enlish\debug\tcube.pdb
o:\project\tcube\debug\tcube.ilk
o:\project\tcube\debug\tcube.exe
o:\project\tcube\tcube\debug\tcube.exe.intermediate.manifest
o:\project\tcube\debug\tcube.pdb
o:\project\tcube\tcube\debug\tcube.exe.embed.manifest
o:\project\tcube\tcube\debug\tcube.exe.embed.manifest.res
o:\project\模板-enlish\tcube\debug\tcube.res
o:\project\模板-enlish\tcube\debug\tcube.exe.embed.manifest.res
o:\project\tcube\tcube\debug\tcube.res
c:\software\data\baidunetdiskdownload\project\aproject\tcube\tcube\debug\tcube.pch
c:\software\data\baidunetdiskdownload\project\aproject\tcube\tcube\debug\vc140.pdb
c:\software\data\baidunetdiskdownload\project\aproject\tcube\tcube\debug\vc140.idb
c:\software\data\baidunetdiskdownload\project\aproject\tcube\tcube\debug\stdafx.obj
c:\software\data\baidunetdiskdownload\project\aproject\tcube\tcube\debug\face.obj
c:\software\data\baidunetdiskdownload\project\aproject\tcube\tcube\debug\mainfrm.obj
c:\software\data\baidunetdiskdownload\project\aproject\tcube\tcube\debug\p2.obj
c:\software\data\baidunetdiskdownload\project\aproject\tcube\tcube\debug\p3.obj
c:\software\data\baidunetdiskdownload\project\aproject\tcube\tcube\debug\tcube.obj
c:\software\data\baidunetdiskdownload\project\aproject\tcube\tcube\debug\tcubedoc.obj
c:\software\data\baidunetdiskdownload\project\aproject\tcube\tcube\debug\tcubeview.obj
c:\software\data\baidunetdiskdownload\project\aproject\tcube\tcube\debug\transform.obj
c:\software\data\baidunetdiskdownload\project\aproject\tcube\tcube\debug\tcube.res
c:\software\data\baidunetdiskdownload\project\aproject\tcube\tcube\debug\tcube.vcxprojresolveassemblyreference.cache
c:\software\data\baidunetdiskdownload\project\aproject\tcube\tcube\debug\cl.command.1.tlog
c:\software\data\baidunetdiskdownload\project\aproject\tcube\tcube\debug\cl.read.1.tlog
c:\software\data\baidunetdiskdownload\project\aproject\tcube\tcube\debug\cl.write.1.tlog
c:\software\data\baidunetdiskdownload\project\aproject\tcube\tcube\debug\link-cvtres.read.1.tlog
c:\software\data\baidunetdiskdownload\project\aproject\tcube\tcube\debug\link-cvtres.write.1.tlog
c:\software\data\baidunetdiskdownload\project\aproject\tcube\tcube\debug\link.10896-cvtres.read.1.tlog
c:\software\data\baidunetdiskdownload\project\aproject\tcube\tcube\debug\link.10896-cvtres.write.1.tlog
c:\software\data\baidunetdiskdownload\project\aproject\tcube\tcube\debug\link.10896.read.1.tlog
c:\software\data\baidunetdiskdownload\project\aproject\tcube\tcube\debug\link.10896.write.1.tlog
c:\software\data\baidunetdiskdownload\project\aproject\tcube\tcube\debug\link.13352-cvtres.read.1.tlog
c:\software\data\baidunetdiskdownload\project\aproject\tcube\tcube\debug\link.13352-cvtres.write.1.tlog
c:\software\data\baidunetdiskdownload\project\aproject\tcube\tcube\debug\link.13352.read.1.tlog
c:\software\data\baidunetdiskdownload\project\aproject\tcube\tcube\debug\link.13352.write.1.tlog
c:\software\data\baidunetdiskdownload\project\aproject\tcube\tcube\debug\link.13360-cvtres.read.1.tlog
c:\software\data\baidunetdiskdownload\project\aproject\tcube\tcube\debug\link.13360-cvtres.write.1.tlog
c:\software\data\baidunetdiskdownload\project\aproject\tcube\tcube\debug\link.13360.read.1.tlog
c:\software\data\baidunetdiskdownload\project\aproject\tcube\tcube\debug\link.13360.write.1.tlog
c:\software\data\baidunetdiskdownload\project\aproject\tcube\tcube\debug\link.14240-cvtres.read.1.tlog
c:\software\data\baidunetdiskdownload\project\aproject\tcube\tcube\debug\link.14240-cvtres.write.1.tlog
c:\software\data\baidunetdiskdownload\project\aproject\tcube\tcube\debug\link.14240.read.1.tlog
c:\software\data\baidunetdiskdownload\project\aproject\tcube\tcube\debug\link.14240.write.1.tlog
c:\software\data\baidunetdiskdownload\project\aproject\tcube\tcube\debug\link.2212-cvtres.read.1.tlog
c:\software\data\baidunetdiskdownload\project\aproject\tcube\tcube\debug\link.2212-cvtres.write.1.tlog
c:\software\data\baidunetdiskdownload\project\aproject\tcube\tcube\debug\link.2212.read.1.tlog
c:\software\data\baidunetdiskdownload\project\aproject\tcube\tcube\debug\link.2212.write.1.tlog
c:\software\data\baidunetdiskdownload\project\aproject\tcube\tcube\debug\link.2236-cvtres.read.1.tlog
c:\software\data\baidunetdiskdownload\project\aproject\tcube\tcube\debug\link.2236-cvtres.write.1.tlog
c:\software\data\baidunetdiskdownload\project\aproject\tcube\tcube\debug\link.2236.read.1.tlog
c:\software\data\baidunetdiskdownload\project\aproject\tcube\tcube\debug\link.2236.write.1.tlog
c:\software\data\baidunetdiskdownload\project\aproject\tcube\tcube\debug\link.7716-cvtres.read.1.tlog
c:\software\data\baidunetdiskdownload\project\aproject\tcube\tcube\debug\link.7716-cvtres.write.1.tlog
c:\software\data\baidunetdiskdownload\project\aproject\tcube\tcube\debug\link.7716.read.1.tlog
c:\software\data\baidunetdiskdownload\project\aproject\tcube\tcube\debug\link.7716.write.1.tlog
c:\software\data\baidunetdiskdownload\project\aproject\tcube\tcube\debug\link.9648-cvtres.read.1.tlog
c:\software\data\baidunetdiskdownload\project\aproject\tcube\tcube\debug\link.9648-cvtres.write.1.tlog
c:\software\data\baidunetdiskdownload\project\aproject\tcube\tcube\debug\link.9648.read.1.tlog
c:\software\data\baidunetdiskdownload\project\aproject\tcube\tcube\debug\link.9648.write.1.tlog
c:\software\data\baidunetdiskdownload\project\aproject\tcube\tcube\debug\link.command.1.tlog
c:\software\data\baidunetdiskdownload\project\aproject\tcube\tcube\debug\link.read.1.tlog
c:\software\data\baidunetdiskdownload\project\aproject\tcube\tcube\debug\link.write.1.tlog
c:\software\data\baidunetdiskdownload\project\aproject\tcube\tcube\debug\mt.command.1.tlog
c:\software\data\baidunetdiskdownload\project\aproject\tcube\tcube\debug\mt.read.1.tlog
c:\software\data\baidunetdiskdownload\project\aproject\tcube\tcube\debug\mt.write.1.tlog
c:\software\data\baidunetdiskdownload\project\aproject\tcube\tcube\debug\rc.command.1.tlog
c:\software\data\baidunetdiskdownload\project\aproject\tcube\tcube\debug\rc.read.1.tlog
c:\software\data\baidunetdiskdownload\project\aproject\tcube\tcube\debug\rc.write.1.tlog
c:\software\data\baidunetdiskdownload\project\aproject\tcube\tcube\debug\tcube.write.1.tlog
c:\software\data\baidunetdiskdownload\project\aproject\tcube\tcube\debug\tcube.exe.embed.manifest
c:\software\data\baidunetdiskdownload\project\aproject\tcube\tcube\debug\tcube.exe.intermediate.manifest
c:\software\data\baidunetdiskdownload\project\aproject\tcube\tcube\debug\tcube.exe.embed.manifest.res
c:\software\data\baidunetdiskdownload\project\aproject\tcube\tcube\debug\vc100.idb
c:\software\data\baidunetdiskdownload\project\aproject\tcube\tcube\debug\vc100.pdb
c:\software\data\baidunetdiskdownload\project\aproject\tcube\tcube\debug\tcube_manifest.rc
c:\software\data\baidunetdiskdownload\project\aproject\tcube\debug\tcube.pdb
c:\software\data\baidunetdiskdownload\project\aproject\tcube\tcube\debug\tcube.tlog\cl.command.1.tlog
c:\software\data\baidunetdiskdownload\project\aproject\tcube\tcube\debug\tcube.tlog\cl.read.1.tlog
c:\software\data\baidunetdiskdownload\project\aproject\tcube\tcube\debug\tcube.tlog\cl.write.1.tlog
c:\software\data\baidunetdiskdownload\project\aproject\tcube\tcube\debug\tcube.tlog\link-cvtres.read.1.tlog
c:\software\data\baidunetdiskdownload\project\aproject\tcube\tcube\debug\tcube.tlog\link-cvtres.write.1.tlog
c:\software\data\baidunetdiskdownload\project\aproject\tcube\tcube\debug\tcube.tlog\link-mt.read.1.tlog
c:\software\data\baidunetdiskdownload\project\aproject\tcube\tcube\debug\tcube.tlog\link-mt.write.1.tlog
c:\software\data\baidunetdiskdownload\project\aproject\tcube\tcube\debug\tcube.tlog\link-rc.read.1.tlog
c:\software\data\baidunetdiskdownload\project\aproject\tcube\tcube\debug\tcube.tlog\link-rc.write.1.tlog
c:\software\data\baidunetdiskdownload\project\aproject\tcube\tcube\debug\tcube.tlog\link.command.1.tlog
c:\software\data\baidunetdiskdownload\project\aproject\tcube\tcube\debug\tcube.tlog\link.read.1.tlog
c:\software\data\baidunetdiskdownload\project\aproject\tcube\tcube\debug\tcube.tlog\link.write.1.tlog
c:\software\data\baidunetdiskdownload\project\aproject\tcube\tcube\debug\tcube.tlog\rc.command.1.tlog
c:\software\data\baidunetdiskdownload\project\aproject\tcube\tcube\debug\tcube.tlog\rc.read.1.tlog
c:\software\data\baidunetdiskdownload\project\aproject\tcube\tcube\debug\tcube.tlog\rc.write.1.tlog
