生成启动时间为 2019/4/10 13:39:20。
     1>项目“C:\software\Data\BaiduNetdiskDownload\Project\AProject\TCube\TCube\TCube.vcxproj”在节点 2 上(Rebuild 个目标)。
     1>ClCompile:
         C:\software\officesoftware\VS2015\VC\bin\CL.exe /c /ZI /nologo /W3 /WX- /Od /Oy- /D WIN32 /D _WINDOWS /D _DEBUG /D _UNICODE /D UNICODE /D _AFXDLL /Gm /EHsc /RTC1 /MDd /GS /fp:precise /Zc:wchar_t /Zc:forScope /Zc:inline /Yc"stdafx.h" /Fp"Debug\TCube.pch" /Fo"Debug\\" /Fd"Debug\vc140.pdb" /Gd /TP /analyze- /errorReport:prompt stdafx.cpp
         stdafx.cpp
         C:\software\officesoftware\VS2015\VC\bin\CL.exe /c /ZI /nologo /W3 /WX- /Od /Oy- /D WIN32 /D _WINDOWS /D _DEBUG /D _UNICODE /D UNICODE /D _AFXDLL /Gm /EHsc /RTC1 /MDd /GS /fp:precise /Zc:wchar_t /Zc:forScope /Zc:inline /Yu"stdafx.h" /Fp"Debug\TCube.pch" /Fo"Debug\\" /Fd"Debug\vc140.pdb" /Gd /TP /analyze- /errorReport:prompt Face.cpp MainFrm.cpp P2.cpp P3.cpp TCube.cpp TCubeDoc.cpp TCubeView.cpp Transform.cpp
         Transform.cpp
         TCubeView.cpp
     1>c:\software\data\baidunetdiskdownload\project\aproject\tcube\tcube\tcubeview.cpp(224): warning C4244: “参数”: 从“double”转换到“int”，可能丢失数据
     1>c:\software\data\baidunetdiskdownload\project\aproject\tcube\tcube\tcubeview.cpp(229): warning C4244: “参数”: 从“double”转换到“int”，可能丢失数据
     1>c:\software\data\baidunetdiskdownload\project\aproject\tcube\tcube\tcubeview.cpp(232): warning C4244: “参数”: 从“double”转换到“int”，可能丢失数据
         TCubeDoc.cpp
         TCube.cpp
         P3.cpp
         P2.cpp
         MainFrm.cpp
         Face.cpp
         正在生成代码...
       ResourceCompile:
         C:\Program Files (x86)\Windows Kits\8.1\bin\x86\rc.exe /D _DEBUG /D _UNICODE /D UNICODE /D _AFXDLL /l"0x0804" /IDebug\ /nologo /fo"Debug\TCube.res" TCube.rc 
       Link:
         C:\software\officesoftware\VS2015\VC\bin\link.exe /ERRORREPORT:PROMPT /OUT:"C:\software\Data\BaiduNetdiskDownload\Project\AProject\TCube\Debug\TCube.exe" /INCREMENTAL /NOLOGO /MANIFEST /MANIFESTUAC:"level='asInvoker' uiAccess='false'" /manifest:embed /manifestinput:C:\software\officesoftware\VS2015\VC\Include\Manifest\dpiaware.manifest /Debug /PDB:"C:\software\Data\BaiduNetdiskDownload\Project\AProject\TCube\Debug\TCube.pdb" /SUBSYSTEM:WINDOWS /TLBID:1 /ENTRY:"wWinMainCRTStartup" /DYNAMICBASE /NXCOMPAT /IMPLIB:"C:\software\Data\BaiduNetdiskDownload\Project\AProject\TCube\Debug\TCube.lib" /MACHINE:X86 Debug\TCube.res
         Debug\Face.obj
         Debug\MainFrm.obj
         Debug\P2.obj
         Debug\P3.obj
         Debug\stdafx.obj
         Debug\TCube.obj
         Debug\TCubeDoc.obj
         Debug\TCubeView.obj
         Debug\Transform.obj
         TCube.vcxproj -> C:\software\Data\BaiduNetdiskDownload\Project\AProject\TCube\Debug\TCube.exe
     1>已完成生成项目“C:\software\Data\BaiduNetdiskDownload\Project\AProject\TCube\TCube\TCube.vcxproj”(Rebuild 个目标)的操作。

已成功生成。

已用时间 00:00:03.05
