o:\project\cut\cut\debug\cut.pch
o:\project\cut\cut\debug\stdafx.obj
o:\project\cut\cut\debug\vc100.pdb
o:\project\cut\cut\debug\cut.obj
o:\project\cut\cut\debug\cutdoc.obj
o:\project\cut\cut\debug\cutview.obj
o:\project\cut\cut\debug\mainfrm.obj
o:\project\cut\cut\debug\p2.obj
o:\project\cut\debug\cut.ilk
o:\project\cut\debug\cut.exe
o:\project\cut\cut\debug\cut.exe.intermediate.manifest
o:\project\cut\debug\cut.pdb
o:\project\cut\cut\debug\cut.exe.embed.manifest
o:\project\cut\cut\debug\cut.exe.embed.manifest.res
o:\project\cut\cut\debug\cut.res
c:\software\data\baidunetdiskdownload\project\aproject\cut\cut\debug\cut.vcxprojresolveassemblyreference.cache
c:\software\data\baidunetdiskdownload\project\aproject\cut\cut\debug\cut.obj
c:\software\data\baidunetdiskdownload\project\aproject\cut\cut\debug\cutdoc.obj
c:\software\data\baidunetdiskdownload\project\aproject\cut\cut\debug\cutview.obj
c:\software\data\baidunetdiskdownload\project\aproject\cut\cut\debug\mainfrm.obj
c:\software\data\baidunetdiskdownload\project\aproject\cut\cut\debug\p2.obj
c:\software\data\baidunetdiskdownload\project\aproject\cut\cut\debug\stdafx.obj
c:\software\data\baidunetdiskdownload\project\aproject\cut\cut\debug\cl.command.1.tlog
c:\software\data\baidunetdiskdownload\project\aproject\cut\cut\debug\cl.read.1.tlog
c:\software\data\baidunetdiskdownload\project\aproject\cut\cut\debug\cl.write.1.tlog
c:\software\data\baidunetdiskdownload\project\aproject\cut\cut\debug\cut.write.1.tlog
c:\software\data\baidunetdiskdownload\project\aproject\cut\cut\debug\link-cvtres.read.1.tlog
c:\software\data\baidunetdiskdownload\project\aproject\cut\cut\debug\link-cvtres.write.1.tlog
c:\software\data\baidunetdiskdownload\project\aproject\cut\cut\debug\link.11576-cvtres.read.1.tlog
c:\software\data\baidunetdiskdownload\project\aproject\cut\cut\debug\link.11576-cvtres.write.1.tlog
c:\software\data\baidunetdiskdownload\project\aproject\cut\cut\debug\link.11576.read.1.tlog
c:\software\data\baidunetdiskdownload\project\aproject\cut\cut\debug\link.11576.write.1.tlog
c:\software\data\baidunetdiskdownload\project\aproject\cut\cut\debug\link.6732-cvtres.read.1.tlog
c:\software\data\baidunetdiskdownload\project\aproject\cut\cut\debug\link.6732-cvtres.write.1.tlog
c:\software\data\baidunetdiskdownload\project\aproject\cut\cut\debug\link.6732.read.1.tlog
c:\software\data\baidunetdiskdownload\project\aproject\cut\cut\debug\link.6732.write.1.tlog
c:\software\data\baidunetdiskdownload\project\aproject\cut\cut\debug\link.command.1.tlog
c:\software\data\baidunetdiskdownload\project\aproject\cut\cut\debug\link.read.1.tlog
c:\software\data\baidunetdiskdownload\project\aproject\cut\cut\debug\link.write.1.tlog
c:\software\data\baidunetdiskdownload\project\aproject\cut\cut\debug\mt.command.1.tlog
c:\software\data\baidunetdiskdownload\project\aproject\cut\cut\debug\mt.read.1.tlog
c:\software\data\baidunetdiskdownload\project\aproject\cut\cut\debug\mt.write.1.tlog
c:\software\data\baidunetdiskdownload\project\aproject\cut\cut\debug\rc.command.1.tlog
c:\software\data\baidunetdiskdownload\project\aproject\cut\cut\debug\rc.read.1.tlog
c:\software\data\baidunetdiskdownload\project\aproject\cut\cut\debug\rc.write.1.tlog
c:\software\data\baidunetdiskdownload\project\aproject\cut\cut\debug\cut.exe.embed.manifest
c:\software\data\baidunetdiskdownload\project\aproject\cut\cut\debug\cut.exe.intermediate.manifest
c:\software\data\baidunetdiskdownload\project\aproject\cut\cut\debug\cut.exe.embed.manifest.res
c:\software\data\baidunetdiskdownload\project\aproject\cut\cut\debug\cut.res
c:\software\data\baidunetdiskdownload\project\aproject\cut\cut\debug\cut.pch
c:\software\data\baidunetdiskdownload\project\aproject\cut\cut\debug\vc100.idb
c:\software\data\baidunetdiskdownload\project\aproject\cut\cut\debug\vc100.pdb
c:\software\data\baidunetdiskdownload\project\aproject\cut\cut\debug\cut_manifest.rc
c:\software\data\baidunetdiskdownload\project\aproject\cut\debug\cut.pdb
c:\software\data\baidunetdiskdownload\project\aproject\cut\debug\cut.exe
c:\software\data\baidunetdiskdownload\project\aproject\cut\debug\cut.ilk
