生成启动时间为 2019/4/9 14:43:21。
     1>项目“C:\software\Data\BaiduNetdiskDownload\Project\AProject\Cut\Cut\Cut.vcxproj”在节点 2 上(Rebuild 个目标)。
     1>ClCompile:
         C:\software\officesoftware\VS2015\VC\bin\CL.exe /c /ZI /nologo /W3 /WX- /Od /Oy- /D WIN32 /D _WINDOWS /D _DEBUG /D _UNICODE /D UNICODE /D _AFXDLL /Gm /EHsc /RTC1 /MDd /GS /fp:precise /Zc:wchar_t /Zc:forScope /Zc:inline /Yc"stdafx.h" /Fp"Debug\Cut.pch" /Fo"Debug\\" /Fd"Debug\vc140.pdb" /Gd /TP /analyze- /errorReport:prompt stdafx.cpp
         stdafx.cpp
         C:\software\officesoftware\VS2015\VC\bin\CL.exe /c /ZI /nologo /W3 /WX- /Od /Oy- /D WIN32 /D _WINDOWS /D _DEBUG /D _UNICODE /D UNICODE /D _AFXDLL /Gm /EHsc /RTC1 /MDd /GS /fp:precise /Zc:wchar_t /Zc:forScope /Zc:inline /Yu"stdafx.h" /Fp"Debug\Cut.pch" /Fo"Debug\\" /Fd"Debug\vc140.pdb" /Gd /TP /analyze- /errorReport:prompt Cut.cpp CutDoc.cpp CutView.cpp MainFrm.cpp P2.cpp
         P2.cpp
         MainFrm.cpp
         CutView.cpp
         CutDoc.cpp
         Cut.cpp
         正在生成代码...
       ResourceCompile:
         C:\Program Files (x86)\Windows Kits\8.1\bin\x86\rc.exe /D _DEBUG /D _UNICODE /D UNICODE /D _AFXDLL /l"0x0804" /IDebug\ /nologo /fo"Debug\Cut.res" Cut.rc 
       Link:
         C:\software\officesoftware\VS2015\VC\bin\link.exe /ERRORREPORT:PROMPT /OUT:"C:\software\Data\BaiduNetdiskDownload\Project\AProject\Cut\Debug\Cut.exe" /INCREMENTAL /NOLOGO /MANIFEST /MANIFESTUAC:"level='asInvoker' uiAccess='false'" /manifest:embed /manifestinput:C:\software\officesoftware\VS2015\VC\Include\Manifest\dpiaware.manifest /Debug /PDB:"C:\software\Data\BaiduNetdiskDownload\Project\AProject\Cut\Debug\Cut.pdb" /SUBSYSTEM:WINDOWS /TLBID:1 /ENTRY:"wWinMainCRTStartup" /DYNAMICBASE /NXCOMPAT /IMPLIB:"C:\software\Data\BaiduNetdiskDownload\Project\AProject\Cut\Debug\Cut.lib" /MACHINE:X86 Debug\Cut.res
         Debug\Cut.obj
         Debug\CutDoc.obj
         Debug\CutView.obj
         Debug\MainFrm.obj
         Debug\P2.obj
         Debug\stdafx.obj
         Cut.vcxproj -> C:\software\Data\BaiduNetdiskDownload\Project\AProject\Cut\Debug\Cut.exe
     1>已完成生成项目“C:\software\Data\BaiduNetdiskDownload\Project\AProject\Cut\Cut\Cut.vcxproj”(Rebuild 个目标)的操作。

已成功生成。

已用时间 00:00:03.33
