o:\project\dbezier\dbezier\debug\dbezier.pch
o:\project\dbezier\dbezier\debug\stdafx.obj
o:\project\dbezier\dbezier\debug\vc100.pdb
o:\project\dbezier\dbezier\debug\dbezier.obj
o:\project\dbezier\dbezier\debug\dbezierdoc.obj
o:\project\dbezier\dbezier\debug\mainfrm.obj
o:\project\dbezier\dbezier\debug\dbezierview.obj
o:\project\dbezier\debug\dbezier.ilk
o:\project\dbezier\debug\dbezier.exe
o:\project\dbezier\dbezier\debug\dbezier.exe.intermediate.manifest
o:\project\dbezier\debug\dbezier.pdb
o:\project\dbezier\dbezier\debug\dbezier.exe.embed.manifest
o:\project\dbezier\dbezier\debug\dbezier.exe.embed.manifest.res
o:\project\dbezier\dbezier\debug\dbezier.res
c:\software\data\baidunetdiskdownload\project\aproject\dbezier\dbezier\debug\dbezier.vcxprojresolveassemblyreference.cache
c:\software\data\baidunetdiskdownload\project\aproject\dbezier\dbezier\debug\dbezier.obj
c:\software\data\baidunetdiskdownload\project\aproject\dbezier\dbezier\debug\dbezierdoc.obj
c:\software\data\baidunetdiskdownload\project\aproject\dbezier\dbezier\debug\dbezierview.obj
c:\software\data\baidunetdiskdownload\project\aproject\dbezier\dbezier\debug\mainfrm.obj
c:\software\data\baidunetdiskdownload\project\aproject\dbezier\dbezier\debug\stdafx.obj
c:\software\data\baidunetdiskdownload\project\aproject\dbezier\dbezier\debug\cl.command.1.tlog
c:\software\data\baidunetdiskdownload\project\aproject\dbezier\dbezier\debug\cl.read.1.tlog
c:\software\data\baidunetdiskdownload\project\aproject\dbezier\dbezier\debug\cl.write.1.tlog
c:\software\data\baidunetdiskdownload\project\aproject\dbezier\dbezier\debug\dbezier.write.1.tlog
c:\software\data\baidunetdiskdownload\project\aproject\dbezier\dbezier\debug\link-cvtres.read.1.tlog
c:\software\data\baidunetdiskdownload\project\aproject\dbezier\dbezier\debug\link-cvtres.write.1.tlog
c:\software\data\baidunetdiskdownload\project\aproject\dbezier\dbezier\debug\link.6456-cvtres.read.1.tlog
c:\software\data\baidunetdiskdownload\project\aproject\dbezier\dbezier\debug\link.6456-cvtres.write.1.tlog
c:\software\data\baidunetdiskdownload\project\aproject\dbezier\dbezier\debug\link.6456.read.1.tlog
c:\software\data\baidunetdiskdownload\project\aproject\dbezier\dbezier\debug\link.6456.write.1.tlog
c:\software\data\baidunetdiskdownload\project\aproject\dbezier\dbezier\debug\link.7352-cvtres.read.1.tlog
c:\software\data\baidunetdiskdownload\project\aproject\dbezier\dbezier\debug\link.7352-cvtres.write.1.tlog
c:\software\data\baidunetdiskdownload\project\aproject\dbezier\dbezier\debug\link.7352.read.1.tlog
c:\software\data\baidunetdiskdownload\project\aproject\dbezier\dbezier\debug\link.7352.write.1.tlog
c:\software\data\baidunetdiskdownload\project\aproject\dbezier\dbezier\debug\link.9352-cvtres.read.1.tlog
c:\software\data\baidunetdiskdownload\project\aproject\dbezier\dbezier\debug\link.9352-cvtres.write.1.tlog
c:\software\data\baidunetdiskdownload\project\aproject\dbezier\dbezier\debug\link.9352.read.1.tlog
c:\software\data\baidunetdiskdownload\project\aproject\dbezier\dbezier\debug\link.9352.write.1.tlog
c:\software\data\baidunetdiskdownload\project\aproject\dbezier\dbezier\debug\link.command.1.tlog
c:\software\data\baidunetdiskdownload\project\aproject\dbezier\dbezier\debug\link.read.1.tlog
c:\software\data\baidunetdiskdownload\project\aproject\dbezier\dbezier\debug\link.write.1.tlog
c:\software\data\baidunetdiskdownload\project\aproject\dbezier\dbezier\debug\mt.command.1.tlog
c:\software\data\baidunetdiskdownload\project\aproject\dbezier\dbezier\debug\mt.read.1.tlog
c:\software\data\baidunetdiskdownload\project\aproject\dbezier\dbezier\debug\mt.write.1.tlog
c:\software\data\baidunetdiskdownload\project\aproject\dbezier\dbezier\debug\rc.command.1.tlog
c:\software\data\baidunetdiskdownload\project\aproject\dbezier\dbezier\debug\rc.read.1.tlog
c:\software\data\baidunetdiskdownload\project\aproject\dbezier\dbezier\debug\rc.write.1.tlog
c:\software\data\baidunetdiskdownload\project\aproject\dbezier\dbezier\debug\dbezier.exe.embed.manifest
c:\software\data\baidunetdiskdownload\project\aproject\dbezier\dbezier\debug\dbezier.exe.intermediate.manifest
c:\software\data\baidunetdiskdownload\project\aproject\dbezier\dbezier\debug\dbezier.exe.embed.manifest.res
c:\software\data\baidunetdiskdownload\project\aproject\dbezier\dbezier\debug\dbezier.res
c:\software\data\baidunetdiskdownload\project\aproject\dbezier\dbezier\debug\dbezier.pch
c:\software\data\baidunetdiskdownload\project\aproject\dbezier\dbezier\debug\vc100.idb
c:\software\data\baidunetdiskdownload\project\aproject\dbezier\dbezier\debug\vc100.pdb
c:\software\data\baidunetdiskdownload\project\aproject\dbezier\dbezier\debug\dbezier_manifest.rc
c:\software\data\baidunetdiskdownload\project\aproject\dbezier\debug\dbezier.pdb
c:\software\data\baidunetdiskdownload\project\aproject\dbezier\debug\dbezier.exe
c:\software\data\baidunetdiskdownload\project\aproject\dbezier\debug\dbezier.ilk
