生成启动时间为 2019/4/2 16:16:55。
     1>项目“C:\software\Data\BaiduNetdiskDownload\Project\AProject\DBezier\DBezier\DBezier.vcxproj”在节点 2 上(Rebuild 个目标)。
     1>ClCompile:
         C:\software\officesoftware\VS2015\VC\bin\CL.exe /c /ZI /nologo /W3 /WX- /Od /Oy- /D WIN32 /D _WINDOWS /D _DEBUG /D _UNICODE /D UNICODE /D _AFXDLL /Gm /EHsc /RTC1 /MDd /GS /fp:precise /Zc:wchar_t /Zc:forScope /Zc:inline /Yc"stdafx.h" /Fp"Debug\DBezier.pch" /Fo"Debug\\" /Fd"Debug\vc140.pdb" /Gd /TP /analyze- /errorReport:prompt stdafx.cpp
         stdafx.cpp
         C:\software\officesoftware\VS2015\VC\bin\CL.exe /c /ZI /nologo /W3 /WX- /Od /Oy- /D WIN32 /D _WINDOWS /D _DEBUG /D _UNICODE /D UNICODE /D _AFXDLL /Gm /EHsc /RTC1 /MDd /GS /fp:precise /Zc:wchar_t /Zc:forScope /Zc:inline /Yu"stdafx.h" /Fp"Debug\DBezier.pch" /Fo"Debug\\" /Fd"Debug\vc140.pdb" /Gd /TP /analyze- /errorReport:prompt DBezier.cpp DBezierDoc.cpp DBezierView.cpp MainFrm.cpp
         MainFrm.cpp
         DBezierView.cpp
         DBezierDoc.cpp
         DBezier.cpp
         正在生成代码...
       ResourceCompile:
         C:\Program Files (x86)\Windows Kits\8.1\bin\x86\rc.exe /D _DEBUG /D _UNICODE /D UNICODE /D _AFXDLL /l"0x0804" /IDebug\ /nologo /fo"Debug\DBezier.res" DBezier.rc 
       Link:
         C:\software\officesoftware\VS2015\VC\bin\link.exe /ERRORREPORT:PROMPT /OUT:"C:\software\Data\BaiduNetdiskDownload\Project\AProject\DBezier\Debug\DBezier.exe" /INCREMENTAL /NOLOGO /MANIFEST /MANIFESTUAC:"level='asInvoker' uiAccess='false'" /manifest:embed /manifestinput:C:\software\officesoftware\VS2015\VC\Include\Manifest\dpiaware.manifest /Debug /PDB:"C:\software\Data\BaiduNetdiskDownload\Project\AProject\DBezier\Debug\DBezier.pdb" /SUBSYSTEM:WINDOWS /TLBID:1 /ENTRY:"wWinMainCRTStartup" /DYNAMICBASE /NXCOMPAT /IMPLIB:"C:\software\Data\BaiduNetdiskDownload\Project\AProject\DBezier\Debug\DBezier.lib" /MACHINE:X86 Debug\DBezier.res
         Debug\DBezier.obj
         Debug\DBezierDoc.obj
         Debug\DBezierView.obj
         Debug\MainFrm.obj
         Debug\stdafx.obj
         DBezier.vcxproj -> C:\software\Data\BaiduNetdiskDownload\Project\AProject\DBezier\Debug\DBezier.exe
     1>已完成生成项目“C:\software\Data\BaiduNetdiskDownload\Project\AProject\DBezier\DBezier\DBezier.vcxproj”(Rebuild 个目标)的操作。

已成功生成。

已用时间 00:00:02.95
