o:\project\nbzier\nbzier\debug\nbzier.pch
o:\project\nbzier\nbzier\debug\stdafx.obj
o:\project\nbzier\nbzier\debug\vc100.pdb
o:\project\nbzier\nbzier\debug\mainfrm.obj
o:\project\nbzier\nbzier\debug\nbzier.obj
o:\project\nbzier\nbzier\debug\nbzierdoc.obj
o:\project\nbzier\nbzier\debug\nbzierview.obj
o:\project\nbzier\debug\nbzier.ilk
o:\project\nbzier\debug\nbzier.exe
o:\project\nbzier\nbzier\debug\nbzier.exe.intermediate.manifest
o:\project\nbzier\debug\nbzier.pdb
o:\project\nbzier\nbzier\debug\nbzier.exe.embed.manifest
o:\project\nbzier\nbzier\debug\nbzier.exe.embed.manifest.res
o:\project\nbzier\nbzier\debug\nbzier.res
c:\software\data\baidunetdiskdownload\project\aproject\nbzier\nbzier\debug\nbzier.vcxprojresolveassemblyreference.cache
c:\software\data\baidunetdiskdownload\project\aproject\nbzier\nbzier\debug\mainfrm.obj
c:\software\data\baidunetdiskdownload\project\aproject\nbzier\nbzier\debug\nbzier.obj
c:\software\data\baidunetdiskdownload\project\aproject\nbzier\nbzier\debug\nbzierdoc.obj
c:\software\data\baidunetdiskdownload\project\aproject\nbzier\nbzier\debug\nbzierview.obj
c:\software\data\baidunetdiskdownload\project\aproject\nbzier\nbzier\debug\stdafx.obj
c:\software\data\baidunetdiskdownload\project\aproject\nbzier\nbzier\debug\cl.command.1.tlog
c:\software\data\baidunetdiskdownload\project\aproject\nbzier\nbzier\debug\cl.read.1.tlog
c:\software\data\baidunetdiskdownload\project\aproject\nbzier\nbzier\debug\cl.write.1.tlog
c:\software\data\baidunetdiskdownload\project\aproject\nbzier\nbzier\debug\link-cvtres.read.1.tlog
c:\software\data\baidunetdiskdownload\project\aproject\nbzier\nbzier\debug\link-cvtres.write.1.tlog
c:\software\data\baidunetdiskdownload\project\aproject\nbzier\nbzier\debug\link.12716-cvtres.read.1.tlog
c:\software\data\baidunetdiskdownload\project\aproject\nbzier\nbzier\debug\link.12716-cvtres.write.1.tlog
c:\software\data\baidunetdiskdownload\project\aproject\nbzier\nbzier\debug\link.12716.read.1.tlog
c:\software\data\baidunetdiskdownload\project\aproject\nbzier\nbzier\debug\link.12716.write.1.tlog
c:\software\data\baidunetdiskdownload\project\aproject\nbzier\nbzier\debug\link.12952-cvtres.read.1.tlog
c:\software\data\baidunetdiskdownload\project\aproject\nbzier\nbzier\debug\link.12952-cvtres.write.1.tlog
c:\software\data\baidunetdiskdownload\project\aproject\nbzier\nbzier\debug\link.12952.read.1.tlog
c:\software\data\baidunetdiskdownload\project\aproject\nbzier\nbzier\debug\link.12952.write.1.tlog
c:\software\data\baidunetdiskdownload\project\aproject\nbzier\nbzier\debug\link.13756-cvtres.read.1.tlog
c:\software\data\baidunetdiskdownload\project\aproject\nbzier\nbzier\debug\link.13756-cvtres.write.1.tlog
c:\software\data\baidunetdiskdownload\project\aproject\nbzier\nbzier\debug\link.13756.read.1.tlog
c:\software\data\baidunetdiskdownload\project\aproject\nbzier\nbzier\debug\link.13756.write.1.tlog
c:\software\data\baidunetdiskdownload\project\aproject\nbzier\nbzier\debug\link.7896-cvtres.read.1.tlog
c:\software\data\baidunetdiskdownload\project\aproject\nbzier\nbzier\debug\link.7896-cvtres.write.1.tlog
c:\software\data\baidunetdiskdownload\project\aproject\nbzier\nbzier\debug\link.7896.read.1.tlog
c:\software\data\baidunetdiskdownload\project\aproject\nbzier\nbzier\debug\link.7896.write.1.tlog
c:\software\data\baidunetdiskdownload\project\aproject\nbzier\nbzier\debug\link.command.1.tlog
c:\software\data\baidunetdiskdownload\project\aproject\nbzier\nbzier\debug\link.read.1.tlog
c:\software\data\baidunetdiskdownload\project\aproject\nbzier\nbzier\debug\link.write.1.tlog
c:\software\data\baidunetdiskdownload\project\aproject\nbzier\nbzier\debug\mt.command.1.tlog
c:\software\data\baidunetdiskdownload\project\aproject\nbzier\nbzier\debug\mt.read.1.tlog
c:\software\data\baidunetdiskdownload\project\aproject\nbzier\nbzier\debug\mt.write.1.tlog
c:\software\data\baidunetdiskdownload\project\aproject\nbzier\nbzier\debug\nbzier.write.1.tlog
c:\software\data\baidunetdiskdownload\project\aproject\nbzier\nbzier\debug\rc.command.1.tlog
c:\software\data\baidunetdiskdownload\project\aproject\nbzier\nbzier\debug\rc.read.1.tlog
c:\software\data\baidunetdiskdownload\project\aproject\nbzier\nbzier\debug\rc.write.1.tlog
c:\software\data\baidunetdiskdownload\project\aproject\nbzier\nbzier\debug\nbzier.exe.embed.manifest
c:\software\data\baidunetdiskdownload\project\aproject\nbzier\nbzier\debug\nbzier.exe.intermediate.manifest
c:\software\data\baidunetdiskdownload\project\aproject\nbzier\nbzier\debug\nbzier.exe.embed.manifest.res
c:\software\data\baidunetdiskdownload\project\aproject\nbzier\nbzier\debug\nbzier.res
c:\software\data\baidunetdiskdownload\project\aproject\nbzier\nbzier\debug\nbzier.pch
c:\software\data\baidunetdiskdownload\project\aproject\nbzier\nbzier\debug\vc100.idb
c:\software\data\baidunetdiskdownload\project\aproject\nbzier\nbzier\debug\vc100.pdb
c:\software\data\baidunetdiskdownload\project\aproject\nbzier\nbzier\debug\nbzier_manifest.rc
c:\software\data\baidunetdiskdownload\project\aproject\nbzier\debug\nbzier.pdb
c:\software\data\baidunetdiskdownload\project\aproject\nbzier\debug\nbzier.exe
c:\software\data\baidunetdiskdownload\project\aproject\nbzier\debug\nbzier.ilk
