生成启动时间为 2019/4/2 16:13:56。
     1>项目“C:\software\Data\BaiduNetdiskDownload\Project\AProject\ColorLine\ColorLine\ColorLine.vcxproj”在节点 2 上(Rebuild 个目标)。
     1>ClCompile:
         C:\software\officesoftware\VS2015\VC\bin\CL.exe /c /ZI /nologo /W3 /WX- /Od /Oy- /D WIN32 /D _WINDOWS /D _DEBUG /D _UNICODE /D UNICODE /D _AFXDLL /Gm /EHsc /RTC1 /MDd /GS /fp:precise /Zc:wchar_t /Zc:forScope /Zc:inline /Yc"stdafx.h" /Fp"Debug\ColorLine.pch" /Fo"Debug\\" /Fd"Debug\vc140.pdb" /Gd /TP /analyze- /errorReport:prompt stdafx.cpp
         stdafx.cpp
         C:\software\officesoftware\VS2015\VC\bin\CL.exe /c /ZI /nologo /W3 /WX- /Od /Oy- /D WIN32 /D _WINDOWS /D _DEBUG /D _UNICODE /D UNICODE /D _AFXDLL /Gm /EHsc /RTC1 /MDd /GS /fp:precise /Zc:wchar_t /Zc:forScope /Zc:inline /Yu"stdafx.h" /Fp"Debug\ColorLine.pch" /Fo"Debug\\" /Fd"Debug\vc140.pdb" /Gd /TP /analyze- /errorReport:prompt ColorLine.cpp ColorLineDoc.cpp ColorLineView.cpp MainFrm.cpp
         MainFrm.cpp
         ColorLineView.cpp
     1>c:\software\data\baidunetdiskdownload\project\aproject\colorline\colorline\colorlineview.cpp(187): warning C4244: “参数”: 从“double”转换到“int”，可能丢失数据
     1>c:\software\data\baidunetdiskdownload\project\aproject\colorline\colorline\colorlineview.cpp(188): warning C4244: “参数”: 从“double”转换到“int”，可能丢失数据
     1>c:\software\data\baidunetdiskdownload\project\aproject\colorline\colorline\colorlineview.cpp(192): warning C4244: “参数”: 从“double”转换到“int”，可能丢失数据
     1>c:\software\data\baidunetdiskdownload\project\aproject\colorline\colorline\colorlineview.cpp(193): warning C4244: “参数”: 从“double”转换到“int”，可能丢失数据
     1>c:\software\data\baidunetdiskdownload\project\aproject\colorline\colorline\colorlineview.cpp(245): warning C4244: “参数”: 从“double”转换到“int”，可能丢失数据
     1>c:\software\data\baidunetdiskdownload\project\aproject\colorline\colorline\colorlineview.cpp(250): warning C4244: “参数”: 从“double”转换到“int”，可能丢失数据
     1>c:\software\data\baidunetdiskdownload\project\aproject\colorline\colorline\colorlineview.cpp(268): warning C4244: “参数”: 从“double”转换到“int”，可能丢失数据
     1>c:\software\data\baidunetdiskdownload\project\aproject\colorline\colorline\colorlineview.cpp(274): warning C4244: “参数”: 从“double”转换到“int”，可能丢失数据
     1>c:\software\data\baidunetdiskdownload\project\aproject\colorline\colorline\colorlineview.cpp(302): warning C4244: “参数”: 从“double”转换到“int”，可能丢失数据
     1>c:\software\data\baidunetdiskdownload\project\aproject\colorline\colorline\colorlineview.cpp(303): warning C4244: “参数”: 从“double”转换到“int”，可能丢失数据
     1>c:\software\data\baidunetdiskdownload\project\aproject\colorline\colorline\colorlineview.cpp(307): warning C4244: “参数”: 从“double”转换到“int”，可能丢失数据
     1>c:\software\data\baidunetdiskdownload\project\aproject\colorline\colorline\colorlineview.cpp(308): warning C4244: “参数”: 从“double”转换到“int”，可能丢失数据
     1>c:\software\data\baidunetdiskdownload\project\aproject\colorline\colorline\colorlineview.cpp(166): warning C4101: “pOldBrush”: 未引用的局部变量
         ColorLineDoc.cpp
         ColorLine.cpp
         正在生成代码...
       ResourceCompile:
         C:\Program Files (x86)\Windows Kits\8.1\bin\x86\rc.exe /D _DEBUG /D _UNICODE /D UNICODE /D _AFXDLL /l"0x0804" /IDebug\ /nologo /fo"Debug\ColorLine.res" ColorLine.rc 
       Link:
         C:\software\officesoftware\VS2015\VC\bin\link.exe /ERRORREPORT:PROMPT /OUT:"C:\software\Data\BaiduNetdiskDownload\Project\AProject\ColorLine\Debug\ColorLine.exe" /INCREMENTAL /NOLOGO /MANIFEST /MANIFESTUAC:"level='asInvoker' uiAccess='false'" /manifest:embed /manifestinput:C:\software\officesoftware\VS2015\VC\Include\Manifest\dpiaware.manifest /Debug /PDB:"C:\software\Data\BaiduNetdiskDownload\Project\AProject\ColorLine\Debug\ColorLine.pdb" /SUBSYSTEM:WINDOWS /TLBID:1 /ENTRY:"wWinMainCRTStartup" /DYNAMICBASE /NXCOMPAT /IMPLIB:"C:\software\Data\BaiduNetdiskDownload\Project\AProject\ColorLine\Debug\ColorLine.lib" /MACHINE:X86 Debug\ColorLine.res
         Debug\ColorLine.obj
         Debug\ColorLineDoc.obj
         Debug\ColorLineView.obj
         Debug\MainFrm.obj
         Debug\stdafx.obj
         ColorLine.vcxproj -> C:\software\Data\BaiduNetdiskDownload\Project\AProject\ColorLine\Debug\ColorLine.exe
     1>已完成生成项目“C:\software\Data\BaiduNetdiskDownload\Project\AProject\ColorLine\ColorLine\ColorLine.vcxproj”(Rebuild 个目标)的操作。

已成功生成。

已用时间 00:00:02.94
