o:\project\colorline\colorline\debug\colorline.pch
o:\project\colorline\colorline\debug\stdafx.obj
o:\project\colorline\colorline\debug\vc100.pdb
o:\project\colorline\colorline\debug\colorline.obj
o:\project\colorline\colorline\debug\colorlinedoc.obj
o:\project\colorline\colorline\debug\colorlineview.obj
o:\project\colorline\colorline\debug\mainfrm.obj
o:\project\colorline\debug\colorline.ilk
o:\project\colorline\debug\colorline.exe
o:\project\colorline\colorline\debug\colorline.exe.intermediate.manifest
o:\project\colorline\debug\colorline.pdb
o:\project\colorline\colorline\debug\colorline.exe.embed.manifest
o:\project\colorline\colorline\debug\colorline.exe.embed.manifest.res
o:\project\colorline\colorline\debug\colorline.res
c:\software\data\baidunetdiskdownload\project\aproject\colorline\colorline\debug\colorline.vcxprojresolveassemblyreference.cache
c:\software\data\baidunetdiskdownload\project\aproject\colorline\colorline\debug\colorline.obj
c:\software\data\baidunetdiskdownload\project\aproject\colorline\colorline\debug\colorlinedoc.obj
c:\software\data\baidunetdiskdownload\project\aproject\colorline\colorline\debug\colorlineview.obj
c:\software\data\baidunetdiskdownload\project\aproject\colorline\colorline\debug\mainfrm.obj
c:\software\data\baidunetdiskdownload\project\aproject\colorline\colorline\debug\stdafx.obj
c:\software\data\baidunetdiskdownload\project\aproject\colorline\colorline\debug\cl.command.1.tlog
c:\software\data\baidunetdiskdownload\project\aproject\colorline\colorline\debug\cl.read.1.tlog
c:\software\data\baidunetdiskdownload\project\aproject\colorline\colorline\debug\cl.write.1.tlog
c:\software\data\baidunetdiskdownload\project\aproject\colorline\colorline\debug\colorline.write.1.tlog
c:\software\data\baidunetdiskdownload\project\aproject\colorline\colorline\debug\link-cvtres.read.1.tlog
c:\software\data\baidunetdiskdownload\project\aproject\colorline\colorline\debug\link-cvtres.write.1.tlog
c:\software\data\baidunetdiskdownload\project\aproject\colorline\colorline\debug\link.8732-cvtres.read.1.tlog
c:\software\data\baidunetdiskdownload\project\aproject\colorline\colorline\debug\link.8732-cvtres.write.1.tlog
c:\software\data\baidunetdiskdownload\project\aproject\colorline\colorline\debug\link.8732.read.1.tlog
c:\software\data\baidunetdiskdownload\project\aproject\colorline\colorline\debug\link.8732.write.1.tlog
c:\software\data\baidunetdiskdownload\project\aproject\colorline\colorline\debug\link.command.1.tlog
c:\software\data\baidunetdiskdownload\project\aproject\colorline\colorline\debug\link.read.1.tlog
c:\software\data\baidunetdiskdownload\project\aproject\colorline\colorline\debug\link.write.1.tlog
c:\software\data\baidunetdiskdownload\project\aproject\colorline\colorline\debug\mt.command.1.tlog
c:\software\data\baidunetdiskdownload\project\aproject\colorline\colorline\debug\mt.read.1.tlog
c:\software\data\baidunetdiskdownload\project\aproject\colorline\colorline\debug\mt.write.1.tlog
c:\software\data\baidunetdiskdownload\project\aproject\colorline\colorline\debug\rc.command.1.tlog
c:\software\data\baidunetdiskdownload\project\aproject\colorline\colorline\debug\rc.read.1.tlog
c:\software\data\baidunetdiskdownload\project\aproject\colorline\colorline\debug\rc.write.1.tlog
c:\software\data\baidunetdiskdownload\project\aproject\colorline\colorline\debug\colorline.exe.embed.manifest
c:\software\data\baidunetdiskdownload\project\aproject\colorline\colorline\debug\colorline.exe.intermediate.manifest
c:\software\data\baidunetdiskdownload\project\aproject\colorline\colorline\debug\colorline.exe.embed.manifest.res
c:\software\data\baidunetdiskdownload\project\aproject\colorline\colorline\debug\colorline.res
c:\software\data\baidunetdiskdownload\project\aproject\colorline\colorline\debug\colorline.pch
c:\software\data\baidunetdiskdownload\project\aproject\colorline\colorline\debug\vc100.idb
c:\software\data\baidunetdiskdownload\project\aproject\colorline\colorline\debug\vc100.pdb
c:\software\data\baidunetdiskdownload\project\aproject\colorline\colorline\debug\colorline_manifest.rc
c:\software\data\baidunetdiskdownload\project\aproject\colorline\debug\colorline.pdb
c:\software\data\baidunetdiskdownload\project\aproject\colorline\debug\colorline.exe
c:\software\data\baidunetdiskdownload\project\aproject\colorline\debug\colorline.ilk
